\BOOKMARK [0][-]{chapter.1}{\376\377\000T\036\324\000N\000G\000\040\000Q\000U\000A\000N\000\040\000V\000\300\000\040\000C\001\240\000\040\000S\036\336\000\040\000L\000\335\000\040\000T\000H\000U\000Y\036\276\000T}{}% 1
\BOOKMARK [1][-]{section.1.1}{\376\377\001\020\036\267\000t\000\040\000v\036\245\000n\000\040\001\021\036\301\000:\000\040\000A\000n\000\040\000n\000i\000n\000h\000\040\000m\036\241\000n\000g\000\040\000t\000r\000o\000n\000g\000\040\000k\036\367\000\040\000n\000g\000u\000y\000\352\000n\000\040\000I\000o\000T}{chapter.1}% 2
\BOOKMARK [1][-]{section.1.2}{\376\377\000C\001\241\000\040\000s\036\337\000\040\000L\000\375\000\040\000t\000h\000u\000y\036\277\000t\000\040\000v\036\301\000\040\000T\036\245\000n\000\040\000c\000\364\000n\000g\000\040\000M\036\241\000n\000g}{chapter.1}% 3
\BOOKMARK [2][-]{subsection.1.2.1}{\376\377\000T\036\245\000n\000\040\000c\000\364\000n\000g\000\040\000V\000o\000l\000u\000m\000e\000t\000r\000i\000c\000\040\000\050\000U\000D\000P\000\040\000F\000l\000o\000o\000d\000\051}{section.1.2}% 4
\BOOKMARK [2][-]{subsection.1.2.2}{\376\377\000L\000\375\000\040\000t\000h\000u\000y\036\277\000t\000\040\000H\000\340\000n\000g\000\040\001\021\036\343\000i\000\040\000v\000\340\000\040\000N\000\372\000t\000\040\000t\000h\036\257\000t\000\040\000c\036\325\000\040\000c\000h\000a\000i\000\040\000\050\000B\000o\000t\000t\000l\000e\000n\000e\000c\000k\000\051}{section.1.2}% 5
\BOOKMARK [1][-]{section.1.3}{\376\377\000C\001\241\000\040\000s\036\337\000\040\000L\000\375\000\040\000t\000h\000u\000y\036\277\000t\000\040\000v\036\301\000\040\000H\036\315\000c\000\040\000m\000\341\000y\000\040\000v\000\340\000\040\000T\036\321\000i\000\040\001\260\000u\000\040\000h\000\363\000a}{chapter.1}% 6
\BOOKMARK [2][-]{subsection.1.3.1}{\376\377\000M\000\364\000\040\000h\000\354\000n\000h\000\040\000R\000a\000n\000d\000o\000m\000\040\000F\000o\000r\000e\000s\000t\000\040\000\050\000R\036\353\000n\000g\000\040\000n\000g\036\253\000u\000\040\000n\000h\000i\000\352\000n\000\051}{section.1.3}% 7
\BOOKMARK [2][-]{subsection.1.3.2}{\376\377\000T\000h\000u\036\255\000t\000\040\000t\000o\000\341\000n\000\040\000T\036\321\000i\000\040\001\260\000u\000\040\000h\000\363\000a\000\040\000W\000O\000A\000-\000S\000S\000A\000\040\000\050\000W\000h\000a\000l\000e\000-\000S\000q\000u\000i\000r\000r\000e\000l\000\040\000H\000y\000b\000r\000i\000d\000\051}{section.1.3}% 8
\BOOKMARK [0][-]{chapter.2}{\376\377\000T\000H\000I\036\276\000T\000\040\000K\036\276\000\040\000V\000\300\000\040\000T\000H\036\360\000C\000\040\000H\000I\036\306\000N\000\040\000H\036\306\000\040\000T\000H\036\320\000N\000G}{}% 9
\BOOKMARK [1][-]{section.2.1}{\376\377\000K\000i\036\277\000n\000\040\000t\000r\000\372\000c\000\040\000T\036\325\000n\000g\000\040\000t\000h\036\303\000\040\000\050\000C\000l\000o\000s\000e\000d\000-\000l\000o\000o\000p\000\040\000S\000y\000s\000t\000e\000m\000\051}{chapter.2}% 10
\BOOKMARK [1][-]{section.2.2}{\376\377\000T\000h\000i\036\277\000t\000\040\000k\036\277\000\040\000K\036\313\000c\000h\000\040\000b\036\243\000n\000\040\000M\000\364\000\040\000p\000h\036\317\000n\000g\000\040\000\050\000S\000i\000m\000u\000l\000a\000t\000i\000o\000n\000\040\000T\000o\000p\000o\000l\000o\000g\000y\000\051}{chapter.2}% 11
\BOOKMARK [2][-]{subsection.2.2.1}{\376\377\000C\036\245\000u\000\040\000h\000\354\000n\000h\000\040\000M\036\241\000n\000g}{section.2.2}% 12
\BOOKMARK [2][-]{subsection.2.2.2}{\376\377\000M\000\364\000\040\000h\000\354\000n\000h\000\040\000L\001\260\000u\000\040\000l\001\260\036\343\000n\000g\000\040\000\050\000T\000r\000a\000f\000f\000i\000c\000\040\000M\000o\000d\000e\000l\000\051}{section.2.2}% 13
\BOOKMARK [1][-]{section.2.3}{\376\377\000Q\000u\000y\000\040\000t\000r\000\354\000n\000h\000\040\000G\000i\036\243\000m\000\040\000t\000h\000i\036\303\000u\000\040\000T\036\245\000n\000\040\000c\000\364\000n\000g\000\040\000\050\000M\000i\000t\000i\000g\000a\000t\000i\000o\000n\000\051}{chapter.2}% 14
\BOOKMARK [0][-]{chapter.3}{\376\377\000P\000H\000\302\000N\000\040\000T\000\315\000C\000H\000\040\000V\000\300\000\040\001\020\000\301\000N\000H\000\040\000G\000I\000\301\000\040\000K\036\276\000T\000\040\000Q\000U\036\242}{}% 15
\BOOKMARK [1][-]{section.3.1}{\376\377\001\020\000\341\000n\000h\000\040\000g\000i\000\341\000\040\000H\000i\036\307\000u\000\040\000s\000u\036\245\000t\000\040\000M\000\364\000\040\000h\000\354\000n\000h\000\040\000A\000I}{chapter.3}% 16
\BOOKMARK [2][-]{subsection.3.1.1}{\376\377\000M\000a\000\040\000t\000r\036\255\000n\000\040\000n\000h\036\247\000m\000\040\000l\036\253\000n\000\040\000v\000\340\000\040\000R\000O\000C}{section.3.1}% 17
\BOOKMARK [2][-]{subsection.3.1.2}{\376\377\000B\036\243\000n\000g\000\040\000M\000e\000t\000r\000i\000c\000\040\000C\000h\000i\000\040\000t\000i\036\277\000t}{section.3.1}% 18
\BOOKMARK [2][-]{subsection.3.1.3}{\376\377\000F\000e\000a\000t\000u\000r\000e\000\040\000I\000m\000p\000o\000r\000t\000a\000n\000c\000e}{section.3.1}% 19
\BOOKMARK [1][-]{section.3.2}{\376\377\001\020\000\341\000n\000h\000\040\000g\000i\000\341\000\040\000H\000i\036\307\000u\000\040\000n\001\003\000n\000g\000\040\000M\036\241\000n\000g\000\040\000\050\000N\000e\000t\000w\000o\000r\000k\000\040\000P\000e\000r\000f\000o\000r\000m\000a\000n\000c\000e\000\051}{chapter.3}% 20
\BOOKMARK [2][-]{subsection.3.2.1}{\376\377\000C\000\341\000c\000\040\000c\000h\036\311\000\040\000s\036\321\000\040\000m\036\241\000n\000g\000\040\000q\000u\000a\000n\000\040\000t\000r\036\315\000n\000g}{section.3.2}% 21
\BOOKMARK [2][-]{subsection.3.2.2}{\376\377\000H\000i\036\307\000u\000\040\000n\001\003\000n\000g\000\040\000m\036\241\000n\000g\000\040\000t\000h\000e\000o\000\040\000s\036\321\000\040\000l\001\260\036\343\000n\000g\000\040\000n\000o\000d\000e}{section.3.2}% 22
\BOOKMARK [2][-]{subsection.3.2.3}{\376\377\000D\036\357\000\040\000l\000i\036\307\000u\000\040\000t\036\353\000\040\000C\000S\000V}{section.3.2}% 23
\BOOKMARK [2][-]{subsection.3.2.4}{\376\377\000S\036\361\000\040\000h\036\331\000i\000\040\000t\036\345\000\040\000c\036\347\000a\000\040\000t\000h\000u\036\255\000t\000\040\000t\000o\000\341\000n\000\040\000\050\000O\000p\000t\000i\000m\000i\000z\000a\000t\000i\000o\000n\000\040\000C\000o\000n\000v\000e\000r\000g\000e\000n\000c\000e\000\051}{section.3.2}% 24
\BOOKMARK [2][-]{subsection.3.2.5}{\376\377\000K\036\277\000t\000\040\000l\000u\036\255\000n\000\040\000v\036\301\000\040\000h\000i\036\307\000u\000\040\000s\000u\036\245\000t\000\040\000m\000\364\000\040\000h\000\354\000n\000h}{section.3.2}% 25
\BOOKMARK [2][-]{subsection.3.2.6}{\376\377\000T\000\363\000m\000\040\000t\036\257\000t\000\040\000P\000h\000\342\000n\000\040\000t\000\355\000c\000h\000\040\000c\000h\000u\000n\000g}{section.3.2}% 26
\BOOKMARK [0][-]{chapter.4}{\376\377\000K\036\276\000T\000\040\000L\000U\036\254\000N\000\040\000V\000\300\000\040\000H\001\257\036\332\000N\000G\000\040\000P\000H\000\301\000T\000\040\000T\000R\000I\036\302\000N}{}% 27
\BOOKMARK [1][-]{section.4.1}{\376\377\000K\036\277\000t\000\040\000l\000u\036\255\000n}{chapter.4}% 28
\BOOKMARK [1][-]{section.4.2}{\376\377\000H\001\260\036\333\000n\000g\000\040\000p\000h\000\341\000t\000\040\000t\000r\000i\036\303\000n}{chapter.4}% 29
\BOOKMARK [0][-]{section*.23}{\376\377\000T\000\340\000i\000\040\000l\000i\036\307\000u\000\040\000t\000h\000a\000m\000\040\000k\000h\036\243\000o}{}% 30
